## tagger training invoked at Tue Jun 03 12:22:05 PDT 2008 with arguments:
                   model = chinese.tagger
                    trainFile = /juice/scr1/htseng/working_pos/utf8/may/data-no-norm/train.big
               delimiter = _
        tokenizerFactory = 
                  search = cg
            sigmaSquared = 0.5
              iterations = 100
                    lang = chinese
           openClassTags = 
         closedClassTags = 
    learnClosedClassTags = false
 closedClassTagThreshold = 40
                    arch = sighan2005
                   debug = false
             debugPrefix = 
                encoding = UTF-8
                tokenize = false
          rareWordThresh = 20
        minFeatureThresh = 3
 curWordMinFeatureThresh = 1
rareWordMinFeatureThresh = 3
    veryCommonWordThresh = 250
              useDistSim = false
             distSimPath = /u/nlp/data/pos_tags_are_useless/egw.bnc.200.pruned
Tags are: edu.stanford.nlp.tagger.maxent.TTags@31d520c4
TaggerExperiments: adding word/tags
Read 485321 words from /juice/scr1/htseng/working_pos/utf8/may/data-no-norm/train.big [done].
Read 17922 sentences, min 1 words, max 240 words.
Featurizing tagged data tokens...
10000 20000 30000 40000 50000 60000 70000 80000 90000 100000 
110000 120000 130000 140000 150000 160000 170000 180000 190000 200000 
210000 220000 230000 240000 250000 260000 270000 280000 290000 300000 
310000 320000 330000 340000 350000 360000 370000 380000 390000 400000 
410000 420000 430000 440000 450000 460000 470000 480000 490000 500000 

Featurized 503243 data tokens [done].
xSize [num Phi templates] = 475927; ySize [num classes] = 37
Hashing histories ...
10000 20000 30000 40000 50000 60000 70000 80000 90000 100000 
110000 120000 130000 140000 150000 160000 170000 180000 190000 200000 
210000 220000 230000 240000 250000 260000 270000 280000 290000 300000 
310000 320000 330000 340000 350000 360000 370000 380000 390000 400000 
410000 420000 430000 440000 450000 460000 470000 
Hashed 475927 histories.
Hashing populated histories ...
10000 20000 30000 40000 50000 60000 70000 80000 90000 100000 
110000 120000 130000 140000 150000 160000 170000 180000 190000 200000 
210000 220000 230000 240000 250000 260000 270000 280000 290000 300000 
310000 320000 330000 340000 350000 360000 370000 380000 390000 400000 
410000 420000 430000 440000 450000 460000 470000 
Hashed populated histories.
TaggerExperiments.getFeaturesNew: initializing fnumArr.
  length of GlobalHolder.sTemplates keys: 539812
getFeaturesNew adding features ...

  total feats: 539812, populated: 315430
  Max features per x,y pair: 17
  Max non-zero y values for an x: 37
  Number of non-zero feature x,y pairs: 16279067
  Number of zero feature x,y pairs: 1330232
end getFeaturesNew.
Samples from /juice/scr1/htseng/working_pos/utf8/may/data-no-norm/train.big
Number of features: 315430
 pcond initialized 
 zlambda initialized 
 ftildeArr initialized 
Saving dictionary of 36533 words ...
Extractors[Extractor(0,word), Extractor(-1,word), Extractor(-2,word), Extractor(1,word), Extractor(2,word), Extractor(-1,tag), Extractor(-2,tag), ExtractorPrevTwoTags(0,word)]
rareExtractors[ExtractorCNumber(0,word), ExtractorCWordSuff(0,word) size 1, ExtractorCWordSuff(0,word) size 2, ExtractorCWordSuff(0,word) size 3, ExtractorCWordSuff(0,word) size 4, ExtractorCWordPref(0,word) size 1, ExtractorCWordPref(0,word) size 2, ExtractorCWordPref(0,word) size 3, ExtractorCWordPref(0,word) size 4]
QNMinimizer called on double function of 315430 variables; using M = 10.
Iter. 0: neg. log cond. likelihood = 1817169.1630995197 [1 calls to valueAt]
          An explanation of the output:               
Iter:           The number of iterations
evals-          The number of function evaluations
SCALING:        <D> Diagonal scaling was used
                <I> Scaled Identity
LINESEARCH      [## M steplength]  Minpack linesearch
                   1-Function value was too high
                   2-Value ok, gradient positive, positive curvature
                   3-Value ok, gradient negative, positive curvature
                   4-Value ok, gradient negative, negative curvature
                [.. B]  Backtracking
VALUE           The current function value
TIME            Total elapsed time
|GNORM|         The current norm of the gradient
{RELNORM}       The ratio of the current to initial gradient norms
AVEIMPROVE      The average improvement / current value

Iter:##  evals-##  <SCALING> [LINESEARCH] VALUE  TIME |GNORM|  {RELNORM}  AVEIMPROVE

Iter: 1  evals-1  <D> [lambda 4437 too big: 331.2621621620882
lambda 4438 too big: 246.3621621620814
lambda 7269 too big: 246.3621621620814
lambda 7270 too big: 331.2621621620882
lambda 7448 too big: 363.6405405408873
lambda 7497 too big: 530.6405405415605
lambda 7569 too big: 336.3405405405215
lambda 11275 too big: -240.1864864867065
lambda 11281 too big: -212.78648648664594
lambda 11802 too big: -227.48648648667756
lambda 11805 too big: 3884.8135135186344
lambda 11806 too big: -240.58648648670749
lambda 11807 too big: 910.7135135170628
lambda 11814 too big: -214.1864864866486
lambda 11822 too big: -239.7864864867057
lambda 11846 too big: -222.2864864866664
lambda 11870 too big: -233.68648648669128
lambda 11889 too big: -237.3864864867002
lambda 11905 too big: -235.48648648669553
lambda 11906 too big: -233.88648648669175
lambda 11981 too big: -240.1864864867065
lambda 11982 too big: -240.38648648670699
lambda 11990 too big: 1785.9135135175486
lambda 12012 too big: -229.1864864866812
lambda 12026 too big: -233.88648648669175
lambda 17247 too big: 1534.7621621629933
lambda 19773 too big: 316.36216216210073
lambda 25964 too big: 693.2405405415556
lambda 27222 too big: 321.75675675668225
lambda 27495 too big: 289.1567567566794
lambda 28515 too big: -240.0864864867063
lambda 29766 too big: -240.6864864867077
lambda 30013 too big: 215.41621621617762
lambda 34866 too big: 286.89459459451143
lambda 35056 too big: 268.1945945945099
lambda 35117 too big: 246.09459459450787
lambda 38780 too big: 312.0378378377747
lambda 44931 too big: 226.88108108104757
lambda 45138 too big: 237.28108108104863
lambda 50588 too big: 1743.76216216273
lambda 53627 too big: 200.42432432414466
lambda 54057 too big: 308.1243243241485
lambda 54122 too big: 240.92432432414668
lambda 54136 too big: 481.8243243254314
lambda 54139 too big: 645.1243243253841
lambda 54299 too big: 207.42432432414466
lambda 54636 too big: 1743.76216216273
lambda 64847 too big: 1792.294594597851
lambda 64916 too big: 2986.2945945984684
lambda 64918 too big: 334.4945945960021
lambda 72875 too big: 699.0567567590973
lambda 72889 too big: 540.0567567590097
lambda 72891 too big: 1043.1567567593281
lambda 72956 too big: 675.5567567590632
lambda 73011 too big: 230.5567567564883
lambda 73896 too big: 255.25405405402273
lambda 74452 too big: 222.82702702664088
lambda 74455 too big: 1320.4270270298848
lambda 74649 too big: 672.3270270295113
lambda 74705 too big: 1207.2270270298206
lambda 76951 too big: 233.38108108104325
lambda 77106 too big: 200.28108108104064
lambda 77300 too big: 348.61891891927496
lambda 77316 too big: 951.286486487094
lambda 77420 too big: 1577.0189189206606
lambda 77455 too big: 223.2189189187204
lambda 78076 too big: 291.7648648648395
lambda 78090 too big: 245.58648648640556
lambda 78362 too big: 236.03513513511263
lambda 80057 too big: 1049.170270270807
lambda 80314 too big: 291.2702702702415
lambda 80469 too big: 1695.3243243255138
lambda 80648 too big: -356.1567567572236
lambda 80673 too big: 246.3621621620814
lambda 80676 too big: 331.2621621620882
lambda 81023 too big: 3046.243243249606
lambda 81038 too big: 359.9756756759691
lambda 81039 too big: -347.156756757203
lambda 81042 too big: -338.4567567571867
lambda 81066 too big: 303.0756756755197
lambda 81071 too big: -207.65675675689815
lambda 81072 too big: -227.65675675690795
lambda 81074 too big: -314.15675675714624
lambda 81095 too big: 1217.8432432485838
lambda 81132 too big: -352.356756757215
lambda 81147 too big: 892.275675676794
lambda 81180 too big: -342.456756757194
lambda 81197 too big: -324.3567567571641
lambda 81200 too big: 3220.643243249715
lambda 81202 too big: -355.7567567572226
lambda 81207 too big: -295.5567567570924
lambda 81212 too big: 657.4432432482567
lambda 81218 too big: -354.8567567572204
lambda 81220 too big: -346.65675675720223
lambda 81247 too big: -341.95675675719286
lambda 81288 too big: -316.55675675714906
lambda 81303 too big: -355.8567567572229
lambda 84631 too big: 332.7432432432097
lambda 84670 too big: 314.881081081056
lambda 84899 too big: 201.94324324319894
lambda 88172 too big: 354.1702702702244
lambda 88211 too big: 351.9567567567087
lambda 88221 too big: 353.3567567567079
lambda 88283 too big: 352.47027027022335
lambda 91153 too big: 290.127027027586
lambda 91964 too big: 294.5540540540261
lambda 92335 too big: 1382.4567567593374
lambda 92796 too big: -200.34324324337467
lambda 92798 too big: -200.34324324337467
lambda 95861 too big: -294.15675675708786
lambda 96398 too big: 238.52972972966052
lambda 96682 too big: 464.98108108138103
lambda 96705 too big: 732.2297297301252
lambda 97217 too big: 326.90810810802833
lambda 97222 too big: 568.0081081086936
lambda 97234 too big: 268.354054053988
lambda 97281 too big: 477.65405405453276
lambda 98211 too big: 1486.3243243254367
lambda 98249 too big: -349.85675675720904
lambda 98256 too big: 318.4432432465294
lambda 98634 too big: -273.35675675700605
lambda 98721 too big: -252.65675675692543
lambda 113835 too big: -342.7567567571924
lambda 113836 too big: -345.9567567572001
lambda 114625 too big: -311.156756757136
lambda 114747 too big: 504.8432432479539
lambda 115037 too big: 1292.8297297300305
lambda 115501 too big: 1338.1297297303581
lambda 115541 too big: 795.9810810812919
lambda 115578 too big: 324.2837837837826
lambda 115595 too big: 324.2918918918908
lambda 116004 too big: 335.4945945945395
lambda 116076 too big: 282.4081081080241
lambda 116348 too big: 500.90810810871335
lambda 117346 too big: -309.85675675713554
lambda 119919 too big: 339.18108108104815
lambda 120324 too big: 479.30270270308233
lambda 121965 too big: 226.88108108104757
lambda 122160 too big: 237.28108108104863
lambda 123911 too big: 242.9945945945798
lambda 128443 too big: 280.9351351351078
lambda 128558 too big: 535.1729729753432
lambda 128603 too big: 851.972972975514
lambda 128614 too big: 1636.172972975959
lambda 128996 too big: 795.9459459480883
lambda 129039 too big: 501.74594594798896
lambda 129135 too big: 359.245945947209
lambda 129154 too big: 237.245945945627
lambda 129159 too big: 1296.0459459483498
lambda 130105 too big: 308.1243243241485
lambda 130129 too big: 240.92432432414668
lambda 130183 too big: 645.1243243253841
lambda 130187 too big: 481.8243243254314
lambda 130314 too big: 207.42432432414466
lambda 130502 too big: -352.95675675721577
lambda 130899 too big: 200.42432432414466
lambda 130972 too big: 213.56756756752384
lambda 130995 too big: 774.7891891902283
lambda 130997 too big: 284.889189189033
lambda 131010 too big: -347.8567567572035
lambda 131040 too big: 2923.2432432493642
lambda 131046 too big: -319.1567567571524
lambda 131053 too big: -241.6567567569158
lambda 131078 too big: -256.65675675695144
lambda 131079 too big: -332.6567567571732
lambda 131082 too big: 760.8432432481641
lambda 131094 too big: -335.1567567571776
lambda 131106 too big: -244.05675675691884
lambda 131135 too big: -352.95675675721577
lambda 131237 too big: 1569.9432432486758
lambda 131254 too big: -347.25675675720225
lambda 131257 too big: 260.1891891890311
lambda 131262 too big: -340.55675675718857
lambda 131264 too big: -353.35675675721683
lambda 131267 too big: -272.4567567570127
lambda 131269 too big: -221.85675675689617
lambda 131288 too big: 263.68918918903097
lambda 131310 too big: 1541.0432432486596
lambda 132383 too big: 316.570270270214
lambda 132397 too big: 333.0702702702155
lambda 132838 too big: 223.6351351351111
lambda 133620 too big: 583.4216216229029
lambda 133696 too big: 411.5216216229623
lambda 133856 too big: 563.4216216229097
lambda 134260 too big: 346.98108108105333
lambda 134397 too big: 320.83783783776505
lambda 134747 too big: 429.63783783840177
lambda 134759 too big: 240.76486486483475
lambda 135476 too big: 809.9972972978693
lambda 135673 too big: 330.6972972972175
lambda 137001 too big: 230.38918918918122
lambda 137103 too big: 255.5486486486335
lambda 140434 too big: 1792.294594597851
lambda 140489 too big: 334.4945945960021
lambda 140491 too big: 2986.2945945984684
lambda 141770 too big: 722.8702702706282
lambda 141810 too big: 876.156756757178
lambda 148767 too big: 231.17837837837442
lambda 149833 too big: 248.62702702698013
lambda 150002 too big: 301.2270270269858
lambda 152443 too big: 275.5675675675597
lambda 168725 too big: 207.78648648647638
lambda 172214 too big: 267.31081081080055
lambda 173290 too big: 264.348648648646
lambda 173503 too big: 347.3675675675657
lambda 173735 too big: 224.3378378378338
lambda 174817 too big: 311.97837837837596
lambda 192265 too big: 279.24324324323965
lambda 197277 too big: 503.55135135154006
lambda 197553 too big: 864.3540540552885
lambda 197743 too big: 542.9810810819124
lambda 197899 too big: 298.57837837837485
lambda 197950 too big: 332.3810810809629
lambda 198046 too big: 390.2540540549439
lambda 233178 too big: 693.5540540552366
lambda 233218 too big: 318.75405405388204
lambda 233303 too big: 706.6513513521052
lambda 233397 too big: 679.4513513521159
lambda 233643 too big: 602.1540540552678
lambda 234406 too big: 447.2702702704503
lambda 236820 too big: 233.94864864864485
lambda 237799 too big: -240.6864864867077
lambda 239507 too big: 200.87837837834354
lambda 239846 too big: -240.0864864867063
lambda 254329 too big: 411.8513513522562
lambda 254395 too big: 256.85135135122385
lambda 254539 too big: 663.9486486498549
lambda 254697 too big: 1456.4486486502647
lambda 254883 too big: 887.3513513522566
lambda 259111 too big: -233.88648648669175
lambda 259117 too big: -235.48648648669553
lambda 259166 too big: -237.3864864867002
lambda 259184 too big: -233.68648648669128
lambda 259187 too big: -222.2864864866664
lambda 259213 too big: -239.7864864867057
lambda 259228 too big: -227.48648648667756
lambda 259240 too big: -214.1864864866486
lambda 259245 too big: 910.7135135170628
lambda 259246 too big: -240.58648648670749
lambda 259248 too big: 3884.8135135186344
lambda 259272 too big: -233.88648648669175
lambda 259283 too big: -229.1864864866812
lambda 259296 too big: 1785.9135135175486
lambda 259321 too big: -240.38648648670699
lambda 259322 too big: -240.1864864867065
lambda 259748 too big: -212.78648648664594
lambda 259749 too big: -240.1864864867065
lambda 271355 too big: 507.9648648651003
lambda 274914 too big: 409.2027027032682
lambda 274973 too big: 405.40270270320593
lambda 275839 too big: 3313.548648651242
lambda 276848 too big: 335.5810810810285
lambda 277052 too big: 229.2810810810199
lambda 284133 too big: 225.6972972972857
lambda 289917 too big: 318.1270270269035
lambda 289939 too big: 818.0270270283651
lambda 290060 too big: 758.6270270283129
lambda 290107 too big: 325.20540540536643
lambda 290159 too big: 208.4270270268264
lambda 291401 too big: 327.01621621617164
lambda 291661 too big: 204.416216216161
lambda 298622 too big: 211.0486486484571
lambda 298729 too big: 1131.051351352384
lambda 298733 too big: 1098.951351352368
lambda 299177 too big: 487.9486486499238
lambda 299312 too big: 252.74864864846091
lambda 299317 too big: 388.14864864959804
lambda 299332 too big: 684.9486486498557
lambda 299408 too big: 1552.5513513526025
1lambda 11805 too big: 684.9304536420696
lambda 11990 too big: 314.87394407026517
lambda 17247 too big: 270.59351505675306
lambda 50588 too big: 307.44225034684297
lambda 54636 too big: 307.44225034684297
lambda 64847 too big: 315.99899080515974
lambda 64916 too big: 526.5128182522674
lambda 74455 too big: 232.80414348787505
lambda 74705 too big: 212.84588112019182
lambda 77420 too big: 278.0437927791596
lambda 80469 too big: 298.9021878373208
lambda 81023 too big: 537.0823488032107
lambda 81095 too big: 214.7176234227184
lambda 81200 too big: 567.8307671505972
lambda 92335 too big: 243.74058889897216
lambda 98211 too big: 262.05345254717093
lambda 115037 too big: 227.9384712250735
lambda 115501 too big: 235.92530236696464
lambda 128614 too big: 288.4732285649113
lambda 129159 too big: 228.50552146461746
lambda 131040 too big: 515.3962510008391
lambda 131237 too big: 276.79628225362933
lambda 131310 too big: 271.7009308187703
lambda 140434 too big: 315.99899080515974
lambda 140491 too big: 526.5128182522674
lambda 254697 too big: 256.7860799894275
lambda 259248 too big: 684.9304536420696
lambda 259296 too big: 314.87394407026517
lambda 275839 too big: 584.210894857122
lambda 299408 too big: 273.7299223461027
1 M  3.234E-5 ]  1.385E6   94.682sIter. 1: neg. log cond. likelihood = 1384788.879016083 [4 calls to valueAt]
 |9.887E4| {7.085E-1}  0.000E0  
Iter: 2  evals-4  <D> [ M  1.000E0 ]  1.221E6   136.771sIter. 2: neg. log cond. likelihood = 1221416.5261922409 [5 calls to valueAt]
 |1.414E5| {1.013E0}  6.688E-2  
Iter: 3  evals-5  <D> [ M  1.000E0 ]  1.014E6   178.913sIter. 3: neg. log cond. likelihood = 1013724.7875717694 [6 calls to valueAt]
 |4.868E4| {3.489E-1}  1.220E-1  
Iter: 4  evals-6  <D> [ M  1.000E0 ]  9.219E5   220.55sIter. 4: neg. log cond. likelihood = 921907.96998214 [7 calls to valueAt]
 |4.080E4| {2.924E-1}  1.255E-1  
Iter: 5  evals-7  <D> [ M  1.000E0 ]  7.939E5   262.198sIter. 5: neg. log cond. likelihood = 793891.0005304707 [8 calls to valueAt]
 |6.626E4| {4.748E-1}  1.489E-1  
Iter: 6  evals-8  <D> [ M  1.000E0 ]  7.061E5   303.855sIter. 6: neg. log cond. likelihood = 706074.3811324493 [9 calls to valueAt]
 |3.289E4| {2.357E-1}  1.602E-1  
Iter: 7  evals-9  <D> [ M  1.000E0 ]  6.532E5   345.777sIter. 7: neg. log cond. likelihood = 653230.0618458972 [10 calls to valueAt]
 |2.508E4| {1.797E-1}  1.600E-1  
Iter: 8  evals-10  <D> [ M  1.000E0 ]  5.832E5   391.033sIter. 8: neg. log cond. likelihood = 583233.7029972654 [11 calls to valueAt]
 |2.520E4| {1.806E-1}  1.718E-1  
Iter: 9  evals-11  <D> [ M  1.000E0 ]  5.304E5   436.309sIter. 9: neg. log cond. likelihood = 530439.0228516686 [12 calls to valueAt]
 |3.418E4| {2.450E-1}  1.790E-1  
Iter: 10  evals-12  <D> [ M  1.000E0 ]  4.855E5   481.589sIter. 10: neg. log cond. likelihood = 485502.36683612544 [13 calls to valueAt]
 |1.830E4| {1.312E-1}  1.852E-1  
Iter: 11  evals-13  <D> [ M  1.000E0 ]  4.557E5   526.872sIter. 11: neg. log cond. likelihood = 455683.0169435411 [14 calls to valueAt]
 |2.307E4| {1.653E-1}  1.528E-1  
Iter: 12  evals-14  <D> [ M  1.000E0 ]  4.269E5   572.166sIter. 12: neg. log cond. likelihood = 426910.3151843096 [15 calls to valueAt]
 |1.505E4| {1.079E-1}  1.250E-1  
Iter: 13  evals-15  <D> [ M  1.000E0 ]  3.980E5   617.452sIter. 13: neg. log cond. likelihood = 397988.47598046163 [16 calls to valueAt]
 |1.892E4| {1.356E-1}  1.197E-1  
Iter: 14  evals-16  <D> [ M  1.000E0 ]  3.774E5   662.743sIter. 14: neg. log cond. likelihood = 377353.17531774443 [17 calls to valueAt]
 |2.885E4| {2.067E-1}  1.003E-1  
Iter: 15  evals-17  <D> [2 M  5.122E-1 ]  3.594E5   736.509sIter. 15: neg. log cond. likelihood = 359352.14817041595 [19 calls to valueAt]
 |1.631E4| {1.169E-1}  8.771E-2  
Iter: 16  evals-19  <D> [ M  1.000E0 ]  3.438E5   781.801sIter. 16: neg. log cond. likelihood = 343787.7644391898 [20 calls to valueAt]
 |1.028E4| {7.366E-2}  8.183E-2  
Iter: 17  evals-20  <D> [ M  1.000E0 ]  3.210E5   827.085sIter. 17: neg. log cond. likelihood = 321036.873284797 [21 calls to valueAt]
 |1.487E4| {1.066E-1}  7.425E-2  
Iter: 18  evals-21  <D> [ M  1.000E0 ]  3.058E5   872.379sIter. 18: neg. log cond. likelihood = 305803.0336263406 [22 calls to valueAt]
 |1.087E4| {7.789E-2}  6.678E-2  
Iter: 19  evals-22  <D> [ M  1.000E0 ]  2.905E5   917.664sIter. 19: neg. log cond. likelihood = 290483.80070611706 [23 calls to valueAt]
 |1.566E4| {1.122E-1}  6.103E-2  
Iter: 20  evals-23  <D> [ M  1.000E0 ]  2.760E5   963.726sIter. 20: neg. log cond. likelihood = 275952.6490396506 [24 calls to valueAt]
 |2.145E4| {1.537E-1}  5.921E-2  
Iter: 21  evals-24  <D> [ M  1.000E0 ]  2.631E5   1009.494sIter. 21: neg. log cond. likelihood = 263110.1278965017 [25 calls to valueAt]
 |9.954E3| {7.133E-2}  5.660E-2  
Iter: 22  evals-25  <D> [ M  1.000E0 ]  2.543E5   1055.254sIter. 22: neg. log cond. likelihood = 254326.85731572544 [26 calls to valueAt]
 |5.892E3| {4.223E-2}  5.135E-2  
Iter: 23  evals-26  <D> [ M  1.000E0 ]  2.421E5   1101.004sIter. 23: neg. log cond. likelihood = 242123.54306012767 [27 calls to valueAt]
 |8.214E3| {5.886E-2}  5.077E-2  
Iter: 24  evals-27  <D> [ M  1.000E0 ]  2.344E5   1146.739sIter. 24: neg. log cond. likelihood = 234444.64382335113 [28 calls to valueAt]
 |1.219E4| {8.739E-2}  4.843E-2  
Iter: 25  evals-28  <D> [ M  1.000E0 ]  2.246E5   1192.46sIter. 25: neg. log cond. likelihood = 224596.8844357541 [29 calls to valueAt]
 |7.205E3| {5.163E-2}  4.824E-2  
Iter: 26  evals-29  <D> [ M  1.000E0 ]  2.163E5   1238.171sIter. 26: neg. log cond. likelihood = 216342.31325153314 [30 calls to valueAt]
 |1.089E4| {7.802E-2}  4.399E-2  
Iter: 27  evals-30  <D> [1 M  4.062E-1 ]  2.122E5   1312.588sIter. 27: neg. log cond. likelihood = 212238.5442450179 [32 calls to valueAt]
 |9.118E3| {6.534E-2}  4.008E-2  
Iter: 28  evals-32  <D> [ M  1.000E0 ]  2.071E5   1358.297sIter. 28: neg. log cond. likelihood = 207101.92036883862 [33 calls to valueAt]
 |5.386E3| {3.860E-2}  3.660E-2  
Iter: 29  evals-33  <D> [ M  1.000E0 ]  2.003E5   1404.013sIter. 29: neg. log cond. likelihood = 200270.04545173733 [34 calls to valueAt]
 |4.172E3| {2.990E-2}  3.435E-2  
Iter: 30  evals-34  <D> [ M  1.000E0 ]  1.962E5   1449.737sIter. 30: neg. log cond. likelihood = 196152.162664986 [35 calls to valueAt]
Checking model correctness; x size 475927 , ysize 37
Constraint 4438 not satisfied emp 0.0059 exp 0.0073 diff 0.0015 lambda 1.4014
Constraint 4566 not satisfied emp 0.004 exp 0.0028 diff 0.0012 lambda 1.2772
Constraint 7218 not satisfied emp 0.004 exp 0.0028 diff 0.0012 lambda 1.2772
Constraint 7269 not satisfied emp 0.0059 exp 0.0073 diff 0.0015 lambda 1.4014
Constraint 7499 not satisfied emp 0.0038 exp 0.0052 diff 0.0013 lambda 0.5512
Constraint 11805 not satisfied emp 0.082 exp 0.0771 diff 0.0049 lambda 2.1733
Constraint 11807 not satisfied emp 0.0229 exp 0.0284 diff 0.0055 lambda 2.9601
Constraint 11980 not satisfied emp 0.0055 exp 0.0072 diff 0.0017 lambda 0.8119
Constraint 11990 not satisfied emp 0.0403 exp 0.0386 diff 0.0016 lambda 0.9966
Constraint 54139 not satisfied emp 0.0147 exp 0.0161 diff 0.0013 lambda 1.997
Constraint 54299 not satisfied emp 0.006 exp 0.0047 diff 0.0014 lambda 1.3957
Constraint 64827 not satisfied emp 0.0054 exp 0.0071 diff 0.0017 lambda 2.1331
Constraint 64847 not satisfied emp 0.0394 exp 0.0377 diff 0.0017 lambda 1.6519
Constraint 64916 not satisfied emp 0.0631 exp 0.0593 diff 0.0038 lambda 0.4443
Constraint 64918 not satisfied emp 0.0104 exp 0.0145 diff 0.0041 lambda -0.203
Constraint 72889 not satisfied emp 0.0147 exp 0.0171 diff 0.0024 lambda 3.2558
Constraint 72891 not satisfied emp 0.0247 exp 0.0228 diff 0.0019 lambda 2.9015
Constraint 74452 not satisfied emp 0.008 exp 0.0091 diff 0.001 lambda 2.9474
Constraint 80057 not satisfied emp 0.0215 exp 0.0205 diff 0.001 lambda 3.9249
Constraint 80673 not satisfied emp 0.0059 exp 0.0073 diff 0.0015 lambda 1.4014
Constraint 80769 not satisfied emp 0.004 exp 0.0028 diff 0.0012 lambda 1.2772
Constraint 81095 not satisfied emp 0.0313 exp 0.0326 diff 0.0013 lambda 4.2668
Constraint 81200 not satisfied emp 0.0711 exp 0.0693 diff 0.0018 lambda 4.0737
Constraint 81204 not satisfied emp 0.0063 exp 0.0074 diff 0.0011 lambda 2.304
Constraint 128608 not satisfied emp 0.0066 exp 0.0077 diff 0.0011 lambda 2.428
Constraint 128614 not satisfied emp 0.0361 exp 0.0346 diff 0.0015 lambda 3.5399
Constraint 130183 not satisfied emp 0.0147 exp 0.0161 diff 0.0013 lambda 1.997
Constraint 130314 not satisfied emp 0.006 exp 0.0047 diff 0.0014 lambda 1.3957
Constraint 131040 not satisfied emp 0.0651 exp 0.0626 diff 0.0025 lambda 3.9214
Constraint 131043 not satisfied emp 0.011 exp 0.0132 diff 0.0022 lambda 2.5293
Constraint 140434 not satisfied emp 0.0394 exp 0.0377 diff 0.0017 lambda 1.6519
Constraint 140445 not satisfied emp 0.0054 exp 0.0071 diff 0.0017 lambda 2.1331
Constraint 140489 not satisfied emp 0.0104 exp 0.0145 diff 0.0041 lambda -0.203
Constraint 140491 not satisfied emp 0.0631 exp 0.0593 diff 0.0038 lambda 0.4443
Constraint 197562 not satisfied emp 0.0034 exp 0.0044 diff 0.0011 lambda 0.6676
Constraint 254883 not satisfied emp 0.0189 exp 0.0175 diff 0.0014 lambda 2.5754
Constraint 259245 not satisfied emp 0.0229 exp 0.0284 diff 0.0055 lambda 2.9601
Constraint 259248 not satisfied emp 0.082 exp 0.0771 diff 0.0049 lambda 2.1733
Constraint 259296 not satisfied emp 0.0403 exp 0.0386 diff 0.0016 lambda 0.9966
Constraint 259323 not satisfied emp 0.0055 exp 0.0072 diff 0.0017 lambda 0.8119
Constraint 299312 not satisfied emp 0.0069 exp 0.0079 diff 0.0011 lambda 1.4917
 |8.780E3| {6.293E-2}  3.103E-2  
Iter: 31  evals-35  <D> [ M  1.000E0 ]  1.908E5   1505.378sIter. 31: neg. log cond. likelihood = 190804.77820784666 [36 calls to valueAt]
 |5.432E3| {3.893E-2}  3.027E-2  
Iter: 32  evals-36  <D> [ M  1.000E0 ]  1.863E5   1550.146sIter. 32: neg. log cond. likelihood = 186259.06540735517 [37 calls to valueAt]
 |6.846E3| {4.906E-2}  2.727E-2  
Iter: 33  evals-37  <D> [ M  1.000E0 ]  1.814E5   1594.92sIter. 33: neg. log cond. likelihood = 181418.26573077287 [38 calls to valueAt]
 |5.031E3| {3.606E-2}  2.657E-2  
Iter: 34  evals-38  <D> [ M  1.000E0 ]  1.775E5   1639.698sIter. 34: neg. log cond. likelihood = 177486.26483239434 [39 calls to valueAt]
 |6.029E3| {4.321E-2}  2.413E-2  
Iter: 35  evals-39  <D> [ M  1.000E0 ]  1.732E5   1684.477sIter. 35: neg. log cond. likelihood = 173203.77135565697 [40 calls to valueAt]
 |5.101E3| {3.656E-2}  2.264E-2  
Iter: 36  evals-40  <D> [ M  1.000E0 ]  1.689E5   1729.261sIter. 36: neg. log cond. likelihood = 168915.17717491926 [41 calls to valueAt]
 |4.690E3| {3.361E-2}  2.332E-2  
Iter: 37  evals-41  <D> [ M  1.000E0 ]  1.655E5   1774.047sIter. 37: neg. log cond. likelihood = 165459.5908321659 [42 calls to valueAt]
 |4.358E3| {3.123E-2}  2.288E-2  
Iter: 38  evals-42  <D> [ M  1.000E0 ]  1.605E5   1818.839sIter. 38: neg. log cond. likelihood = 160508.83573908528 [43 calls to valueAt]
 |4.442E3| {3.183E-2}  2.252E-2  
Iter: 39  evals-43  <D> [ M  1.000E0 ]  1.574E5   1863.64sIter. 39: neg. log cond. likelihood = 157428.89519752207 [44 calls to valueAt]
 |8.386E3| {6.010E-2}  2.236E-2  
Iter: 40  evals-44  <D> [1 M  3.975E-1 ]  1.551E5   1936.722sIter. 40: neg. log cond. likelihood = 155052.29934338568 [46 calls to valueAt]
 |4.760E3| {3.411E-2}  2.096E-2  
Iter: 41  evals-46  <D> [ M  1.000E0 ]  1.528E5   1981.521sIter. 41: neg. log cond. likelihood = 152843.14775988396 [47 calls to valueAt]
 |2.668E3| {1.912E-2}  1.988E-2  
Iter: 42  evals-47  <D> [ M  1.000E0 ]  1.501E5   2025.508sIter. 42: neg. log cond. likelihood = 150129.81051370915 [48 calls to valueAt]
 |2.492E3| {1.786E-2}  1.895E-2  
Iter: 43  evals-48  <D> [ M  1.000E0 ]  1.480E5   2068.622sIter. 43: neg. log cond. likelihood = 148002.53521206026 [49 calls to valueAt]
 |4.408E3| {3.159E-2}  1.811E-2  
Iter: 44  evals-49  <D> [ M  1.000E0 ]  1.454E5   2111.739sIter. 44: neg. log cond. likelihood = 145385.73589925296 [50 calls to valueAt]
 |3.028E3| {2.170E-2}  1.739E-2  
Iter: 45  evals-50  <D> [ M  1.000E0 ]  1.438E5   2154.856sIter. 45: neg. log cond. likelihood = 143825.17130915125 [51 calls to valueAt]
 |5.982E3| {4.287E-2}  1.586E-2  
Iter: 46  evals-51  <D> [ M  1.000E0 ]  1.415E5   2197.977sIter. 46: neg. log cond. likelihood = 141496.0496797168 [52 calls to valueAt]
 |3.720E3| {2.666E-2}  1.540E-2  
Iter: 47  evals-52  <D> [ M  1.000E0 ]  1.401E5   2241.096sIter. 47: neg. log cond. likelihood = 140115.13521840514 [53 calls to valueAt]
 |2.345E3| {1.680E-2}  1.323E-2  
Iter: 48  evals-53  <D> [ M  1.000E0 ]  1.385E5   2284.23sIter. 48: neg. log cond. likelihood = 138542.22391628328 [54 calls to valueAt]
 |1.919E3| {1.375E-2}  1.239E-2  
Iter: 49  evals-54  <D> [ M  1.000E0 ]  1.371E5   2327.417sIter. 49: neg. log cond. likelihood = 137102.49386288223 [55 calls to valueAt]
 |4.288E3| {3.073E-2}  1.190E-2  
Iter: 50  evals-55  <D> [ M  1.000E0 ]  1.355E5   2371.607sIter. 50: neg. log cond. likelihood = 135483.99936480413 [56 calls to valueAt]
 |2.195E3| {1.573E-2}  1.165E-2  
Iter: 51  evals-56  <D> [ M  1.000E0 ]  1.345E5   2417.076sIter. 51: neg. log cond. likelihood = 134467.26748046972 [57 calls to valueAt]
 |2.288E3| {1.640E-2}  1.059E-2  
Iter: 52  evals-57  <D> [ M  1.000E0 ]  1.339E5   2462.546sIter. 52: neg. log cond. likelihood = 133900.9373735176 [58 calls to valueAt]
 |6.347E3| {4.548E-2}  9.574E-3  
Iter: 53  evals-58  <D> [ M  1.000E0 ]  1.326E5   2507.938sIter. 53: neg. log cond. likelihood = 132610.68427832387 [59 calls to valueAt]
 |3.432E3| {2.459E-2}  8.758E-3  
Iter: 54  evals-59  <D> [ M  1.000E0 ]  1.317E5   2553.398sIter. 54: neg. log cond. likelihood = 131706.33576275888 [60 calls to valueAt]
 |1.382E3| {9.904E-3}  8.365E-3  
Iter: 55  evals-60  <D> [ M  1.000E0 ]  1.310E5   2598.857sIter. 55: neg. log cond. likelihood = 131033.0593287094 [61 calls to valueAt]
 |9.000E2| {6.450E-3}  7.259E-3  
Iter: 56  evals-61  <D> [ M  1.000E0 ]  1.301E5   2644.311sIter. 56: neg. log cond. likelihood = 130074.98992742116 [62 calls to valueAt]
 |3.489E3| {2.501E-2}  7.017E-3  
Iter: 57  evals-62  <D> [ M  1.000E0 ]  1.295E5   2689.767sIter. 57: neg. log cond. likelihood = 129485.08212202035 [63 calls to valueAt]
 |2.740E3| {1.964E-2}  6.359E-3  
Iter: 58  evals-63  <D> [ M  1.000E0 ]  1.288E5   2735.225sIter. 58: neg. log cond. likelihood = 128791.78194450638 [64 calls to valueAt]
 |1.441E3| {1.033E-2}  5.866E-3  
Iter: 59  evals-64  <D> [ M  1.000E0 ]  1.283E5   2779.013sIter. 59: neg. log cond. likelihood = 128276.46943035471 [65 calls to valueAt]
 |1.812E3| {1.299E-2}  5.108E-3  
Iter: 60  evals-65  <D> [ M  1.000E0 ]  1.276E5   2821.757sIter. 60: neg. log cond. likelihood = 127630.62396672537 [66 calls to valueAt]
Checking model correctness; x size 475927 , ysize 37
 |1.333E3| {9.555E-3}  4.870E-3  
Iter: 61  evals-66  <D> [ M  1.000E0 ]  1.271E5   2873.954sIter. 61: neg. log cond. likelihood = 127118.92087377227 [67 calls to valueAt]
 |1.366E3| {9.790E-3}  4.850E-3  
Iter: 62  evals-67  <D> [ M  1.000E0 ]  1.266E5   2916.702sIter. 62: neg. log cond. likelihood = 126639.25268247777 [68 calls to valueAt]
 |7.802E2| {5.591E-3}  4.287E-3  
Iter: 63  evals-68  <D> [ M  1.000E0 ]  1.263E5   2959.447sIter. 63: neg. log cond. likelihood = 126322.96930952286 [69 calls to valueAt]
 |1.793E3| {1.285E-2}  3.874E-3  
Iter: 64  evals-69  <D> [ M  1.000E0 ]  1.259E5   3002.188sIter. 64: neg. log cond. likelihood = 125921.44950532519 [70 calls to valueAt]
 |1.835E3| {1.315E-2}  3.690E-3  
Iter: 65  evals-70  <D> [ M  1.000E0 ]  1.258E5   3044.935sIter. 65: neg. log cond. likelihood = 125825.3059461518 [71 calls to valueAt]
 |2.749E3| {1.970E-2}  3.070E-3  
Iter: 66  evals-71  <D> [ M  1.000E0 ]  1.255E5   3090.049sIter. 66: neg. log cond. likelihood = 125461.44133025393 [72 calls to valueAt]
 |6.782E2| {4.860E-3}  2.916E-3  
Iter: 67  evals-72  <D> [ M  1.000E0 ]  1.252E5   3135.803sIter. 67: neg. log cond. likelihood = 125211.70067579704 [73 calls to valueAt]
 |7.988E2| {5.725E-3}  2.599E-3  
Iter: 68  evals-73  <D> [ M  1.000E0 ]  1.249E5   3181.558sIter. 68: neg. log cond. likelihood = 124912.1998178984 [74 calls to valueAt]
 |2.021E3| {1.448E-2}  2.448E-3  
Iter: 69  evals-74  <D> [ M  1.000E0 ]  1.247E5   3227.314sIter. 69: neg. log cond. likelihood = 124651.90738029688 [75 calls to valueAt]
 |1.031E3| {7.388E-3}  2.172E-3  
Iter: 70  evals-75  <D> [ M  1.000E0 ]  1.244E5   3273.07sIter. 70: neg. log cond. likelihood = 124434.28340499286 [76 calls to valueAt]
 |1.400E3| {1.003E-2}  1.961E-3  
Iter: 71  evals-76  <D> [ M  1.000E0 ]  1.242E5   3318.824sIter. 71: neg. log cond. likelihood = 124206.38209938804 [77 calls to valueAt]
 |1.594E3| {1.143E-2}  1.781E-3  
Iter: 72  evals-77  <D> [ M  1.000E0 ]  1.240E5   3363.538sIter. 72: neg. log cond. likelihood = 124026.91690994828 [78 calls to valueAt]
 |8.853E2| {6.345E-3}  1.683E-3  
Iter: 73  evals-78  <D> [ M  1.000E0 ]  1.238E5   3405.745sIter. 73: neg. log cond. likelihood = 123836.5171447586 [79 calls to valueAt]
 |5.983E2| {4.288E-3}  1.531E-3  
Iter: 74  evals-79  <D> [ M  1.000E0 ]  1.237E5   3447.954sIter. 74: neg. log cond. likelihood = 123673.86001261846 [80 calls to valueAt]
 |1.194E3| {8.560E-3}  1.581E-3  
Iter: 75  evals-80  <D> [ M  1.000E0 ]  1.235E5   3490.163sIter. 75: neg. log cond. likelihood = 123513.62162446501 [81 calls to valueAt]
 |9.765E2| {6.998E-3}  1.434E-3  
Iter: 76  evals-81  <D> [ M  1.000E0 ]  1.234E5   3532.37sIter. 76: neg. log cond. likelihood = 123395.76386530754 [82 calls to valueAt]
 |6.594E2| {4.725E-3}  1.338E-3  
Iter: 77  evals-82  <D> [ M  1.000E0 ]  1.233E5   3574.579sIter. 77: neg. log cond. likelihood = 123298.42773559067 [83 calls to valueAt]
 |8.630E2| {6.184E-3}  1.190E-3  
Iter: 78  evals-83  <D> [ M  1.000E0 ]  1.232E5   3618.321sIter. 78: neg. log cond. likelihood = 123204.48529448724 [84 calls to valueAt]
 |1.201E3| {8.609E-3}  1.068E-3  
Iter: 79  evals-84  <D> [ M  1.000E0 ]  1.231E5   3664.137sIter. 79: neg. log cond. likelihood = 123114.56053284965 [85 calls to valueAt]
 |3.991E2| {2.860E-3}  9.745E-4  
Iter: 80  evals-85  <D> [ M  1.000E0 ]  1.230E5   3709.966sIter. 80: neg. log cond. likelihood = 123032.8049172647 [86 calls to valueAt]
 |3.909E2| {2.801E-3}  8.672E-4  
Iter: 81  evals-86  <D> [ M  1.000E0 ]  1.229E5   3755.787sIter. 81: neg. log cond. likelihood = 122944.10574980685 [87 calls to valueAt]
 |9.922E2| {7.110E-3}  8.007E-4  
Iter: 82  evals-87  <D> [ M  1.000E0 ]  1.229E5   3801.608sIter. 82: neg. log cond. likelihood = 122870.37973476555 [88 calls to valueAt]
 |5.798E2| {4.155E-3}  7.148E-4  
Iter: 83  evals-88  <D> [ M  1.000E0 ]  1.228E5   3847.426sIter. 83: neg. log cond. likelihood = 122805.71426049918 [89 calls to valueAt]
 |5.206E2| {3.731E-3}  6.427E-4  
Iter: 84  evals-89  <D> [ M  1.000E0 ]  1.228E5   3892.154sIter. 84: neg. log cond. likelihood = 122752.88463878294 [90 calls to valueAt]
 |6.009E2| {4.307E-3}  5.634E-4  
Iter: 85  evals-90  <D> [ M  1.000E0 ]  1.227E5   3934.262sIter. 85: neg. log cond. likelihood = 122719.89567442794 [91 calls to valueAt]
 |8.326E2| {5.967E-3}  5.007E-4  
Iter: 86  evals-91  <D> [ M  1.000E0 ]  1.227E5   3976.371sIter. 86: neg. log cond. likelihood = 122670.51389667069 [92 calls to valueAt]
 |2.290E2| {1.641E-3}  4.653E-4  
Iter: 87  evals-92  <D> [ M  1.000E0 ]  1.226E5   4018.479sIter. 87: neg. log cond. likelihood = 122636.65730241097 [93 calls to valueAt]
 |2.720E2| {1.949E-3}  4.209E-4  
Iter: 88  evals-93  <D> [ M  1.000E0 ]  1.226E5   4060.586sIter. 88: neg. log cond. likelihood = 122594.56565156172 [94 calls to valueAt]
 |5.933E2| {4.252E-3}  3.856E-4  
Iter: 89  evals-94  <D> [ M  1.000E0 ]  1.226E5   4102.695sIter. 89: neg. log cond. likelihood = 122566.50308670166 [95 calls to valueAt]
 |6.787E2| {4.864E-3}  3.459E-4  
Iter: 90  evals-95  <D> [ M  1.000E0 ]  1.225E5   4147.794sIter. 90: neg. log cond. likelihood = 122524.46505980243 [96 calls to valueAt]
Checking model correctness; x size 475927 , ysize 37
 |2.272E2| {1.628E-3}  3.114E-4  
Iter: 91  evals-96  <D> [ M  1.000E0 ]  1.225E5   4204.053sIter. 91: neg. log cond. likelihood = 122507.82580184063 [97 calls to valueAt]
 |4.576E2| {3.279E-3}  2.690E-4  
Iter: 92  evals-97  <D> [ M  1.000E0 ]  1.225E5   4249.924sIter. 92: neg. log cond. likelihood = 122478.77354257551 [98 calls to valueAt]
 |3.827E2| {2.742E-3}  2.427E-4  
Iter: 93  evals-98  <D> [ M  1.000E0 ]  1.225E5   4295.81sIter. 93: neg. log cond. likelihood = 122462.60041004678 [99 calls to valueAt]
 |4.976E2| {3.566E-3}  2.155E-4  
Iter: 94  evals-99  <D> [ M  1.000E0 ]  1.224E5   4341.679sIter. 94: neg. log cond. likelihood = 122437.03425995947 [100 calls to valueAt]
 |2.234E2| {1.601E-3}  2.100E-4  
Iter: 95  evals-100  <D> [ M  1.000E0 ]  1.224E5   4386.576sIter. 95: neg. log cond. likelihood = 122419.64737281512 [101 calls to valueAt]
 |2.137E2| {1.532E-3}  1.863E-4  
Iter: 96  evals-101  <D> [ M  1.000E0 ]  1.224E5   4429.097sIter. 96: neg. log cond. likelihood = 122400.70785272923 [102 calls to valueAt]
 |3.602E2| {2.581E-3}  1.752E-4  
Iter: 97  evals-102  <D> [ M  1.000E0 ]  1.224E5   4471.625sIter. 97: neg. log cond. likelihood = 122385.42909557126 [103 calls to valueAt]
 |3.016E2| {2.162E-3}  1.553E-4  
Iter: 98  evals-103  <D> [ M  1.000E0 ]  1.224E5   4514.151sIter. 98: neg. log cond. likelihood = 122369.18587967595 [104 calls to valueAt]
 |1.554E2| {1.114E-3}  1.466E-4  
Iter: 99  evals-104  <D> [ M  1.000E0 ]  1.224E5   4556.678sIter. 99: neg. log cond. likelihood = 122360.97718004983 [105 calls to valueAt]
 |3.467E2| {2.484E-3}  1.215E-4  
Iter: 100  evals-105  <D> [ M  1.000E0 ]  1.223E5   4599.206sIter. 100: neg. log cond. likelihood = 122346.23286856014 [106 calls to valueAt]
 |1.454E2| {1.042E-3}  1.201E-4  
Iter: 101  evals-106  <D> [ M  1.000E0 ]  1.223E5   4644.469sIter. 101: neg. log cond. likelihood = 122338.32469803037 [107 calls to valueAt]
 |2.581E2| {1.849E-3}  1.044E-4  
Iter: 102  evals-107  <D> [ M  1.000E0 ]  1.223E5   4690.406sIter. 102: neg. log cond. likelihood = 122326.75608273126 [108 calls to valueAt]
 |2.271E2| {1.627E-3}  1.010E-4  
Iter: 103  evals-108  <D> [ M  1.000E0 ]  1.223E5   4736.344sIter. 103: neg. log cond. likelihood = 122320.78081088355 [109 calls to valueAt]
QNMinimizer terminated due to average improvement  ---- | newest_val - previous_val | / |newestVal| < TOL 
Total time spent in optimization: 4.736E3
after optimization value is 122320.78081088355
Checking model correctness; x size 475927 , ysize 37
Model is correct [empirical expec = model expec]
Training POS tagger done [4921.4 sec].
